{"total": {"lines":{"total":71,"covered":62,"skipped":0,"pct":87.32},"statements":{"total":76,"covered":67,"skipped":0,"pct":88.15},"functions":{"total":12,"covered":12,"skipped":0,"pct":100},"branches":{"total":42,"covered":28,"skipped":0,"pct":66.66},"branchesTrue":{"total":0,"covered":0,"skipped":0,"pct":"Unknown"}}
,"/home/runner/work/validator.js/validator.js/packages/core/src/index.ts": {"lines":{"total":71,"covered":62,"skipped":0,"pct":87.32},"functions":{"total":12,"covered":12,"skipped":0,"pct":100},"statements":{"total":76,"covered":67,"skipped":0,"pct":88.15},"branches":{"total":42,"covered":28,"skipped":0,"pct":66.66}}
}
