{"total": {"lines":{"total":82,"covered":65,"skipped":0,"pct":79.26},"statements":{"total":87,"covered":69,"skipped":0,"pct":79.31},"functions":{"total":15,"covered":12,"skipped":0,"pct":80},"branches":{"total":47,"covered":28,"skipped":0,"pct":59.57},"branchesTrue":{"total":0,"covered":0,"skipped":0,"pct":100}}
,"/home/runner/work/validator.js/validator.js/packages/core/src/index.ts": {"lines":{"total":75,"covered":65,"skipped":0,"pct":86.66},"functions":{"total":12,"covered":12,"skipped":0,"pct":100},"statements":{"total":79,"covered":69,"skipped":0,"pct":87.34},"branches":{"total":42,"covered":28,"skipped":0,"pct":66.66}}
,"/home/runner/work/validator.js/validator.js/packages/hook/src/index.ts": {"lines":{"total":7,"covered":0,"skipped":0,"pct":0},"functions":{"total":3,"covered":0,"skipped":0,"pct":0},"statements":{"total":8,"covered":0,"skipped":0,"pct":0},"branches":{"total":5,"covered":0,"skipped":0,"pct":0}}
}
