TN:
SF:packages/core/src/index.ts
FN:19,(anonymous_0)
FN:36,(anonymous_1)
FN:37,(anonymous_2)
FN:38,(anonymous_3)
FN:39,(anonymous_4)
FN:43,(anonymous_5)
FN:66,(anonymous_6)
FN:91,(anonymous_7)
FN:97,(anonymous_8)
FN:103,(anonymous_9)
FN:108,(anonymous_10)
FNF:11
FNH:11
FNDA:4,(anonymous_0)
FNDA:2,(anonymous_1)
FNDA:1,(anonymous_2)
FNDA:1,(anonymous_3)
FNDA:2,(anonymous_4)
FNDA:10,(anonymous_5)
FNDA:16,(anonymous_6)
FNDA:2,(anonymous_7)
FNDA:2,(anonymous_8)
FNDA:11,(anonymous_9)
FNDA:4,(anonymous_10)
DA:20,4
DA:21,4
DA:22,4
DA:23,4
DA:24,4
DA:25,1
DA:30,4
DA:31,4
DA:32,4
DA:34,4
DA:35,4
DA:36,4
DA:37,4
DA:38,4
DA:39,4
DA:40,2
DA:41,2
DA:42,2
DA:43,2
DA:44,10
DA:45,10
DA:46,10
DA:47,0
DA:48,0
DA:49,0
DA:50,0
DA:51,0
DA:52,0
DA:53,0
DA:54,0
DA:56,0
DA:59,10
DA:61,2
DA:62,1
DA:66,4
DA:67,16
DA:68,16
DA:69,16
DA:70,5
DA:72,16
DA:73,16
DA:74,16
DA:75,2
DA:77,16
DA:78,8
DA:80,16
DA:81,11
DA:83,5
DA:84,5
DA:86,16
DA:87,1
DA:89,15
DA:91,4
DA:92,2
DA:93,1
DA:95,2
DA:97,4
DA:98,2
DA:99,1
DA:100,1
DA:101,1
DA:103,11
DA:109,4
DA:110,8
DA:111,2
DA:114,2
LF:66
LH:57
BRDA:19,0,0,1
BRDA:22,1,0,4
BRDA:22,1,1,2
BRDA:24,2,0,1
BRDA:24,2,1,3
BRDA:46,3,0,0
BRDA:46,3,1,10
BRDA:47,4,0,0
BRDA:47,4,1,0
BRDA:49,5,0,0
BRDA:49,5,1,0
BRDA:51,6,0,0
BRDA:51,6,1,0
BRDA:53,7,0,0
BRDA:53,7,1,0
BRDA:53,8,0,0
BRDA:53,8,1,0
BRDA:61,9,0,1
BRDA:61,9,1,1
BRDA:69,10,0,5
BRDA:69,10,1,11
BRDA:72,11,0,16
BRDA:72,11,1,8
BRDA:74,12,0,2
BRDA:74,12,1,14
BRDA:77,13,0,8
BRDA:77,13,1,8
BRDA:80,14,0,11
BRDA:80,14,1,5
BRDA:86,15,0,1
BRDA:86,15,1,15
BRDA:92,16,0,1
BRDA:92,16,1,1
BRDA:98,17,0,1
BRDA:98,17,1,1
BRDA:100,18,0,1
BRDA:100,18,1,0
BRDA:110,19,0,2
BRDA:110,19,1,6
BRF:39
BRH:27
end_of_record
