TN:
SF:packages/core/src/index.ts
FN:20,(anonymous_0)
FN:41,(anonymous_1)
FN:42,(anonymous_2)
FN:43,(anonymous_3)
FN:44,(anonymous_4)
FN:48,(anonymous_5)
FN:71,(anonymous_6)
FN:96,(anonymous_7)
FN:103,(anonymous_8)
FN:109,(anonymous_9)
FN:119,(anonymous_10)
FN:124,(anonymous_11)
FNF:12
FNH:12
FNDA:5,(anonymous_0)
FNDA:2,(anonymous_1)
FNDA:1,(anonymous_2)
FNDA:1,(anonymous_3)
FNDA:2,(anonymous_4)
FNDA:10,(anonymous_5)
FNDA:30,(anonymous_6)
FNDA:2,(anonymous_7)
FNDA:2,(anonymous_8)
FNDA:2,(anonymous_9)
FNDA:13,(anonymous_10)
FNDA:4,(anonymous_11)
DA:21,5
DA:22,5
DA:23,5
DA:24,5
DA:25,5
DA:26,1
DA:27,1
DA:29,5
DA:30,1
DA:35,5
DA:36,5
DA:37,5
DA:39,5
DA:40,5
DA:41,5
DA:42,5
DA:43,5
DA:44,5
DA:45,2
DA:46,2
DA:47,2
DA:48,2
DA:49,10
DA:50,10
DA:51,10
DA:52,0
DA:53,0
DA:54,0
DA:55,0
DA:56,0
DA:57,0
DA:58,0
DA:59,0
DA:61,0
DA:64,10
DA:66,2
DA:67,1
DA:71,5
DA:72,30
DA:73,30
DA:74,30
DA:75,11
DA:77,30
DA:78,30
DA:79,30
DA:80,3
DA:82,30
DA:83,15
DA:85,30
DA:86,22
DA:88,8
DA:89,8
DA:91,30
DA:92,6
DA:94,24
DA:96,5
DA:97,2
DA:98,2
DA:99,2
DA:103,5
DA:104,2
DA:105,1
DA:107,2
DA:109,5
DA:110,2
DA:111,2
DA:112,2
DA:113,2
DA:114,2
DA:115,1
DA:117,2
DA:119,13
DA:125,4
DA:126,12
DA:128,4
DA:129,8
DA:130,2
DA:133,2
LF:78
LH:69
BRDA:20,0,0,1
BRDA:23,1,0,5
BRDA:23,1,1,3
BRDA:25,2,0,1
BRDA:25,2,1,4
BRDA:29,3,0,1
BRDA:29,3,1,4
BRDA:51,4,0,0
BRDA:51,4,1,10
BRDA:52,5,0,0
BRDA:52,5,1,0
BRDA:54,6,0,0
BRDA:54,6,1,0
BRDA:56,7,0,0
BRDA:56,7,1,0
BRDA:58,8,0,0
BRDA:58,8,1,0
BRDA:58,9,0,0
BRDA:58,9,1,0
BRDA:66,10,0,1
BRDA:66,10,1,1
BRDA:74,11,0,11
BRDA:74,11,1,19
BRDA:77,12,0,30
BRDA:77,12,1,15
BRDA:79,13,0,3
BRDA:79,13,1,27
BRDA:82,14,0,15
BRDA:82,14,1,15
BRDA:85,15,0,22
BRDA:85,15,1,8
BRDA:91,16,0,6
BRDA:91,16,1,24
BRDA:96,17,0,0
BRDA:97,18,0,2
BRDA:97,18,1,0
BRDA:104,19,0,1
BRDA:104,19,1,1
BRDA:114,20,0,1
BRDA:114,20,1,1
BRDA:129,21,0,2
BRDA:129,21,1,6
BRF:42
BRH:29
end_of_record
TN:
SF:packages/hook/src/index.ts
FN:6,useValidator
FN:10,(anonymous_1)
FN:16,(anonymous_2)
FN:17,(anonymous_3)
FN:17,(anonymous_4)
FN:26,(anonymous_5)
FN:26,(anonymous_6)
FNF:7
FNH:0
FNDA:0,useValidator
FNDA:0,(anonymous_1)
FNDA:0,(anonymous_2)
FNDA:0,(anonymous_3)
FNDA:0,(anonymous_4)
FNDA:0,(anonymous_5)
FNDA:0,(anonymous_6)
DA:7,0
DA:8,0
DA:10,0
DA:11,0
DA:12,0
DA:16,0
DA:17,0
DA:18,0
DA:19,0
DA:20,0
DA:21,0
DA:22,0
DA:23,0
DA:26,0
DA:27,0
DA:28,0
DA:29,0
DA:31,0
LF:18
LH:0
BRDA:6,0,0,0
BRDA:11,1,0,0
BRDA:11,1,1,0
BRDA:11,2,0,0
BRDA:11,2,1,0
BRDA:18,3,0,0
BRDA:18,3,1,0
BRDA:21,4,0,0
BRDA:21,4,1,0
BRDA:29,5,0,0
BRDA:29,5,1,0
BRF:11
BRH:0
end_of_record
